<?xml version="1.0" encoding="UTF-8"?>
<testng-results skipped="0" failed="0" ignored="0" total="1" passed="1">
  <reporter-output>
  </reporter-output>
  <suite name="Default suite" duration-ms="8579" started-at="2019-03-29T08:16:31Z" finished-at="2019-03-29T08:16:40Z">
    <groups>
    </groups>
    <test name="Default test" duration-ms="8579" started-at="2019-03-29T08:16:31Z" finished-at="2019-03-29T08:16:40Z">
      <class name="com.TestPages.LoginPageTest">
        <test-method status="PASS" signature="launch()[pri:0, instance:com.TestPages.LoginPageTest@1322f9d]" name="launch" is-config="true" duration-ms="5483" started-at="2019-03-29T08:16:31Z" finished-at="2019-03-29T08:16:36Z">
          <reporter-output>
          </reporter-output>
        </test-method> <!-- launch -->
        <test-method status="PASS" signature="login()[pri:0, instance:com.TestPages.LoginPageTest@1322f9d]" name="login" duration-ms="10" started-at="2019-03-29T08:16:36Z" finished-at="2019-03-29T08:16:36Z">
          <reporter-output>
          </reporter-output>
        </test-method> <!-- login -->
        <test-method status="PASS" signature="end()[pri:0, instance:com.TestPages.LoginPageTest@1322f9d]" name="end" is-config="true" duration-ms="3047" started-at="2019-03-29T08:16:36Z" finished-at="2019-03-29T08:16:40Z">
          <reporter-output>
          </reporter-output>
        </test-method> <!-- end -->
      </class> <!-- com.TestPages.LoginPageTest -->
    </test> <!-- Default test -->
  </suite> <!-- Default suite -->
</testng-results>
